*** Using Compiler 'V5.06 update 7 (build 960)', folder: 'D:\Keil_v5\ARM\ARMCC\Bin'
Build target 'max30102_f103'
compiling core_cm3.c...
compiling stm32f10x_it.c...
.\CMSIS\stm32f10x.h(301): error:  #67: expected a "}"
    ADC1_2_IRQn                 = 18,     /*!< ADC1 and ADC2 global Interrupt                       */
.\CMSIS\stm32f10x.h(475): warning:  #12-D: parsing restarts here after previous syntax error
  } IRQn_Type;
USER\stm32f10x_it.c: 1 warning, 1 error
compiling main.c...
.\CMSIS\stm32f10x.h(301): error:  #67: expected a "}"
    ADC1_2_IRQn                 = 18,     /*!< ADC1 and ADC2 global Interrupt                       */
.\CMSIS\stm32f10x.h(475): warning:  #12-D: parsing restarts here after previous syntax error
  } IRQn_Type;
USER\main.c: 1 warning, 1 error
compiling system_stm32f10x.c...
.\CMSIS\stm32f10x.h(301): error:  #67: expected a "}"
    ADC1_2_IRQn                 = 18,     /*!< ADC1 and ADC2 global Interrupt                       */
.\CMSIS\stm32f10x.h(475): warning:  #12-D: parsing restarts here after previous syntax error
  } IRQn_Type;
USER\system_stm32f10x.c: 1 warning, 1 error
compiling stm32f10x_bkp.c...
.\CMSIS\stm32f10x.h(301): error:  #67: expected a "}"
    ADC1_2_IRQn                 = 18,     /*!< ADC1 and ADC2 global Interrupt                       */
.\CMSIS\stm32f10x.h(475): warning:  #12-D: parsing restarts here after previous syntax error
  } IRQn_Type;
FWLIB\src\stm32f10x_bkp.c: 1 warning, 1 error
compiling misc.c...
.\CMSIS\stm32f10x.h(301): error:  #67: expected a "}"
    ADC1_2_IRQn                 = 18,     /*!< ADC1 and ADC2 global Interrupt                       */
.\CMSIS\stm32f10x.h(475): warning:  #12-D: parsing restarts here after previous syntax error
  } IRQn_Type;
FWLIB\src\misc.c: 1 warning, 1 error
compiling stm32f10x_adc.c...
.\CMSIS\stm32f10x.h(301): error:  #67: expected a "}"
    ADC1_2_IRQn                 = 18,     /*!< ADC1 and ADC2 global Interrupt                       */
.\CMSIS\stm32f10x.h(475): warning:  #12-D: parsing restarts here after previous syntax error
  } IRQn_Type;
FWLIB\src\stm32f10x_adc.c: 1 warning, 1 error
compiling stm32f10x_can.c...
.\CMSIS\stm32f10x.h(301): error:  #67: expected a "}"
    ADC1_2_IRQn                 = 18,     /*!< ADC1 and ADC2 global Interrupt                       */
.\CMSIS\stm32f10x.h(475): warning:  #12-D: parsing restarts here after previous syntax error
  } IRQn_Type;
FWLIB\src\stm32f10x_can.c: 1 warning, 1 error
compiling stm32f10x_crc.c...
.\CMSIS\stm32f10x.h(301): error:  #67: expected a "}"
    ADC1_2_IRQn                 = 18,     /*!< ADC1 and ADC2 global Interrupt                       */
.\CMSIS\stm32f10x.h(475): warning:  #12-D: parsing restarts here after previous syntax error
  } IRQn_Type;
FWLIB\src\stm32f10x_crc.c: 1 warning, 1 error
compiling stm32f10x_dbgmcu.c...
.\CMSIS\stm32f10x.h(301): error:  #67: expected a "}"
    ADC1_2_IRQn                 = 18,     /*!< ADC1 and ADC2 global Interrupt                       */
.\CMSIS\stm32f10x.h(475): warning:  #12-D: parsing restarts here after previous syntax error
  } IRQn_Type;
FWLIB\src\stm32f10x_dbgmcu.c: 1 warning, 1 error
compiling stm32f10x_cec.c...
.\CMSIS\stm32f10x.h(301): error:  #67: expected a "}"
    ADC1_2_IRQn                 = 18,     /*!< ADC1 and ADC2 global Interrupt                       */
.\CMSIS\stm32f10x.h(475): warning:  #12-D: parsing restarts here after previous syntax error
  } IRQn_Type;
FWLIB\src\stm32f10x_cec.c: 1 warning, 1 error
compiling stm32f10x_exti.c...
.\CMSIS\stm32f10x.h(301): error:  #67: expected a "}"
    ADC1_2_IRQn                 = 18,     /*!< ADC1 and ADC2 global Interrupt                       */
.\CMSIS\stm32f10x.h(475): warning:  #12-D: parsing restarts here after previous syntax error
  } IRQn_Type;
FWLIB\src\stm32f10x_exti.c: 1 warning, 1 error
compiling stm32f10x_dac.c...
.\CMSIS\stm32f10x.h(301): error:  #67: expected a "}"
    ADC1_2_IRQn                 = 18,     /*!< ADC1 and ADC2 global Interrupt                       */
.\CMSIS\stm32f10x.h(475): warning:  #12-D: parsing restarts here after previous syntax error
  } IRQn_Type;
FWLIB\src\stm32f10x_dac.c: 1 warning, 1 error
compiling stm32f10x_dma.c...
.\CMSIS\stm32f10x.h(301): error:  #67: expected a "}"
    ADC1_2_IRQn                 = 18,     /*!< ADC1 and ADC2 global Interrupt                       */
.\CMSIS\stm32f10x.h(475): warning:  #12-D: parsing restarts here after previous syntax error
  } IRQn_Type;
FWLIB\src\stm32f10x_dma.c: 1 warning, 1 error
compiling stm32f10x_flash.c...
.\CMSIS\stm32f10x.h(301): error:  #67: expected a "}"
    ADC1_2_IRQn                 = 18,     /*!< ADC1 and ADC2 global Interrupt                       */
.\CMSIS\stm32f10x.h(475): warning:  #12-D: parsing restarts here after previous syntax error
  } IRQn_Type;
FWLIB\src\stm32f10x_flash.c: 1 warning, 1 error
compiling stm32f10x_pwr.c...
.\CMSIS\stm32f10x.h(301): error:  #67: expected a "}"
    ADC1_2_IRQn                 = 18,     /*!< ADC1 and ADC2 global Interrupt                       */
.\CMSIS\stm32f10x.h(475): warning:  #12-D: parsing restarts here after previous syntax error
  } IRQn_Type;
FWLIB\src\stm32f10x_pwr.c: 1 warning, 1 error
compiling stm32f10x_iwdg.c...
.\CMSIS\stm32f10x.h(301): error:  #67: expected a "}"
    ADC1_2_IRQn                 = 18,     /*!< ADC1 and ADC2 global Interrupt                       */
.\CMSIS\stm32f10x.h(475): warning:  #12-D: parsing restarts here after previous syntax error
  } IRQn_Type;
FWLIB\src\stm32f10x_iwdg.c: 1 warning, 1 error
compiling stm32f10x_gpio.c...
.\CMSIS\stm32f10x.h(301): error:  #67: expected a "}"
    ADC1_2_IRQn                 = 18,     /*!< ADC1 and ADC2 global Interrupt                       */
.\CMSIS\stm32f10x.h(475): warning:  #12-D: parsing restarts here after previous syntax error
  } IRQn_Type;
FWLIB\src\stm32f10x_gpio.c: 1 warning, 1 error
compiling stm32f10x_rcc.c...
.\CMSIS\stm32f10x.h(301): error:  #67: expected a "}"
    ADC1_2_IRQn                 = 18,     /*!< ADC1 and ADC2 global Interrupt                       */
.\CMSIS\stm32f10x.h(475): warning:  #12-D: parsing restarts here after previous syntax error
  } IRQn_Type;
FWLIB\src\stm32f10x_rcc.c: 1 warning, 1 error
compiling stm32f10x_i2c.c...
.\CMSIS\stm32f10x.h(301): error:  #67: expected a "}"
    ADC1_2_IRQn                 = 18,     /*!< ADC1 and ADC2 global Interrupt                       */
.\CMSIS\stm32f10x.h(475): warning:  #12-D: parsing restarts here after previous syntax error
  } IRQn_Type;
FWLIB\src\stm32f10x_i2c.c: 1 warning, 1 error
compiling stm32f10x_rtc.c...
.\CMSIS\stm32f10x.h(301): error:  #67: expected a "}"
    ADC1_2_IRQn                 = 18,     /*!< ADC1 and ADC2 global Interrupt                       */
.\CMSIS\stm32f10x.h(475): warning:  #12-D: parsing restarts here after previous syntax error
  } IRQn_Type;
FWLIB\src\stm32f10x_rtc.c: 1 warning, 1 error
compiling stm32f10x_fsmc.c...
.\CMSIS\stm32f10x.h(301): error:  #67: expected a "}"
    ADC1_2_IRQn                 = 18,     /*!< ADC1 and ADC2 global Interrupt                       */
.\CMSIS\stm32f10x.h(475): warning:  #12-D: parsing restarts here after previous syntax error
  } IRQn_Type;
FWLIB\src\stm32f10x_fsmc.c: 1 warning, 1 error
compiling stm32f10x_wwdg.c...
.\CMSIS\stm32f10x.h(301): error:  #67: expected a "}"
    ADC1_2_IRQn                 = 18,     /*!< ADC1 and ADC2 global Interrupt                       */
.\CMSIS\stm32f10x.h(475): warning:  #12-D: parsing restarts here after previous syntax error
  } IRQn_Type;
FWLIB\src\stm32f10x_wwdg.c: 1 warning, 1 error
compiling algorithm.c...
.\CMSIS\stm32f10x.h(301): error:  #67: expected a "}"
    ADC1_2_IRQn                 = 18,     /*!< ADC1 and ADC2 global Interrupt                       */
.\CMSIS\stm32f10x.h(475): warning:  #12-D: parsing restarts here after previous syntax error
  } IRQn_Type;
HARDWARE\MAX30102\algorithm.c: 1 warning, 1 error
compiling stm32f10x_spi.c...
.\CMSIS\stm32f10x.h(301): error:  #67: expected a "}"
    ADC1_2_IRQn                 = 18,     /*!< ADC1 and ADC2 global Interrupt                       */
.\CMSIS\stm32f10x.h(475): warning:  #12-D: parsing restarts here after previous syntax error
  } IRQn_Type;
FWLIB\src\stm32f10x_spi.c: 1 warning, 1 error
compiling stm32f10x_usart.c...
.\CMSIS\stm32f10x.h(301): error:  #67: expected a "}"
    ADC1_2_IRQn                 = 18,     /*!< ADC1 and ADC2 global Interrupt                       */
.\CMSIS\stm32f10x.h(475): warning:  #12-D: parsing restarts here after previous syntax error
  } IRQn_Type;
FWLIB\src\stm32f10x_usart.c: 1 warning, 1 error
compiling stm32f10x_tim.c...
.\CMSIS\stm32f10x.h(301): error:  #67: expected a "}"
    ADC1_2_IRQn                 = 18,     /*!< ADC1 and ADC2 global Interrupt                       */
.\CMSIS\stm32f10x.h(475): warning:  #12-D: parsing restarts here after previous syntax error
  } IRQn_Type;
FWLIB\src\stm32f10x_tim.c: 1 warning, 1 error
compiling iic.c...
.\CMSIS\stm32f10x.h(301): error:  #67: expected a "}"
    ADC1_2_IRQn                 = 18,     /*!< ADC1 and ADC2 global Interrupt                       */
.\CMSIS\stm32f10x.h(475): warning:  #12-D: parsing restarts here after previous syntax error
  } IRQn_Type;
HARDWARE\MAX30102\iic.c: 1 warning, 1 error
compiling stm32f10x_sdio.c...
.\CMSIS\stm32f10x.h(301): error:  #67: expected a "}"
    ADC1_2_IRQn                 = 18,     /*!< ADC1 and ADC2 global Interrupt                       */
.\CMSIS\stm32f10x.h(475): warning:  #12-D: parsing restarts here after previous syntax error
  } IRQn_Type;
FWLIB\src\stm32f10x_sdio.c: 1 warning, 1 error
compiling MAX30102.c...
.\CMSIS\stm32f10x.h(301): error:  #67: expected a "}"
    ADC1_2_IRQn                 = 18,     /*!< ADC1 and ADC2 global Interrupt                       */
.\CMSIS\stm32f10x.h(475): warning:  #12-D: parsing restarts here after previous syntax error
  } IRQn_Type;
HARDWARE\MAX30102\MAX30102.c: 1 warning, 1 error
compiling delay.c...
.\CMSIS\stm32f10x.h(301): error:  #67: expected a "}"
    ADC1_2_IRQn                 = 18,     /*!< ADC1 and ADC2 global Interrupt                       */
.\CMSIS\stm32f10x.h(475): warning:  #12-D: parsing restarts here after previous syntax error
  } IRQn_Type;
SYSTEM\delay\delay.c: 1 warning, 1 error
compiling sys.c...
.\CMSIS\stm32f10x.h(301): error:  #67: expected a "}"
    ADC1_2_IRQn                 = 18,     /*!< ADC1 and ADC2 global Interrupt                       */
.\CMSIS\stm32f10x.h(475): warning:  #12-D: parsing restarts here after previous syntax error
  } IRQn_Type;
SYSTEM\sys\sys.c: 1 warning, 1 error
compiling usart.c...
.\CMSIS\stm32f10x.h(301): error:  #67: expected a "}"
    ADC1_2_IRQn                 = 18,     /*!< ADC1 and ADC2 global Interrupt                       */
.\CMSIS\stm32f10x.h(475): warning:  #12-D: parsing restarts here after previous syntax error
  } IRQn_Type;
SYSTEM\usart\usart.c: 1 warning, 1 error
".\Objects\MAX30102.axf" - 32 Error(s), 32 Warning(s).
Target not created.
Build Time Elapsed:  00:00:05
